#
# There is insufficient memory for the Java Runtime Environment to continue.
# Cannot create GC thread. Out of system resources.
# Possible reasons:
#   The system is out of physical RAM or swap space
#   In 32 bit mode, the process size limit was hit
# Possible solutions:
#   Reduce memory load on the system
#   Increase physical memory or swap space
#   Check if swap backing store is full
#   Use 64 bit Java on a 64 bit OS
#   Decrease Java heap size (-Xmx/-Xms)
#   Decrease number of Java threads
#   Decrease Java thread stack sizes (-Xss)
#   Set larger code cache with -XX:ReservedCodeCacheSize=
# This output file may be truncated or incomplete.
#
#  Out of Memory Error (gcTaskThread.cpp:46), pid=15677, tid=140190808418048
#
# JRE version:  (7.0_67-b01) (build )
# Java VM: Java HotSpot(TM) 64-Bit Server VM (24.65-b04 mixed mode linux-amd64 compressed oops)
# Failed to write core dump. Core dumps have been disabled. To enable core dumping, try "ulimit -c unlimited" before starting Java again
#

---------------  T H R E A D  ---------------

Current thread (0x0000000001702800):  JavaThread "Unknown thread" [_thread_in_vm, id=15677, stack(0x00007ffc7d3ef000,0x00007ffc7d4ef000)]

Stack: [0x00007ffc7d3ef000,0x00007ffc7d4ef000],  sp=0x00007ffc7d4e7da0,  free space=995k
Native frames: (J=compiled Java code, j=interpreted, Vv=VM code, C=native code)
V  [libjvm.so+0x99eb8a]  VMError::report_and_die()+0x2ea
V  [libjvm.so+0x49721b]  report_vm_out_of_memory(char const*, int, unsigned long, char const*)+0x9b
V  [libjvm.so+0x5573ca]  GCTaskThread::GCTaskThread(GCTaskManager*, unsigned int, unsigned int)+0x11a
V  [libjvm.so+0x556948]  GCTaskManager::initialize()+0x2b8
V  [libjvm.so+0x83ea08]  ParallelScavengeHeap::initialize()+0x6f8
V  [libjvm.so+0x971dba]  Universe::initialize_heap()+0xca
V  [libjvm.so+0x972f89]  universe_init()+0x79
V  [libjvm.so+0x5b09f5]  init_globals()+0x65
V  [libjvm.so+0x95a8ed]  Threads::create_vm(JavaVMInitArgs*, bool*)+0x1ed
V  [libjvm.so+0x638a34]  JNI_CreateJavaVM+0x74
C  [libjli.so+0x2f8e]  JavaMain+0x9e
C  [libjli.so+0xd4d3]  ContinueInNewThread0+0x63
C  [libjli.so+0x258a]  ContinueInNewThread+0x7a
C  [libjli.so+0x50e0]  JLI_Launch+0x480
C  [java+0x686]  __libc_start_main@@GLIBC_2.2.5+0x686


---------------  P R O C E S S  ---------------

Java Threads: ( => current thread )

Other Threads:

=>0x0000000001702800 (exited) JavaThread "Unknown thread" [_thread_in_vm, id=15677, stack(0x00007ffc7d3ef000,0x00007ffc7d4ef000)]

VM state:not at safepoint (not fully initialized)

VM Mutex/Monitor currently owned by a thread: None

GC Heap History (0 events):
No events

Deoptimization events (0 events):
No events

Internal exceptions (0 events):
No events

Events (0 events):
No events


Dynamic libraries:
00400000-00401000 r-xp 00000000 fd:00 1847137                            /usr/java/jdk1.7.0_67-cloudera/bin/java
00600000-00601000 rw-p 00000000 fd:00 1847137                            /usr/java/jdk1.7.0_67-cloudera/bin/java
016f8000-0173a000 rw-p 00000000 00:00 0                                  [heap]
bf000000-c0500000 rw-p 00000000 00:00 0 
c0500000-c4200000 rw-p 00000000 00:00 0 
c4200000-c6980000 rw-p 00000000 00:00 0 
c6980000-ec080000 rw-p 00000000 00:00 0 
ec080000-ed480000 rw-p 00000000 00:00 0 
ed480000-100000000 rw-p 00000000 00:00 0 
3086600000-3086620000 r-xp 00000000 fd:00 916128                         /lib64/ld-2.12.so
308681f000-3086820000 r--p 0001f000 fd:00 916128                         /lib64/ld-2.12.so
3086820000-3086821000 rw-p 00020000 fd:00 916128                         /lib64/ld-2.12.so
3086821000-3086822000 rw-p 00000000 00:00 0 
3086a00000-3086a02000 r-xp 00000000 fd:00 916136                         /lib64/libdl-2.12.so
3086a02000-3086c02000 ---p 00002000 fd:00 916136                         /lib64/libdl-2.12.so
3086c02000-3086c03000 r--p 00002000 fd:00 916136                         /lib64/libdl-2.12.so
3086c03000-3086c04000 rw-p 00003000 fd:00 916136                         /lib64/libdl-2.12.so
3086e00000-3086f8a000 r-xp 00000000 fd:00 916129                         /lib64/libc-2.12.so
3086f8a000-308718a000 ---p 0018a000 fd:00 916129                         /lib64/libc-2.12.so
308718a000-308718e000 r--p 0018a000 fd:00 916129                         /lib64/libc-2.12.so
308718e000-308718f000 rw-p 0018e000 fd:00 916129                         /lib64/libc-2.12.so
308718f000-3087194000 rw-p 00000000 00:00 0 
3087200000-3087217000 r-xp 00000000 fd:00 916131                         /lib64/libpthread-2.12.so
3087217000-3087417000 ---p 00017000 fd:00 916131                         /lib64/libpthread-2.12.so
3087417000-3087418000 r--p 00017000 fd:00 916131                         /lib64/libpthread-2.12.so
3087418000-3087419000 rw-p 00018000 fd:00 916131                         /lib64/libpthread-2.12.so
3087419000-308741d000 rw-p 00000000 00:00 0 
3087600000-3087607000 r-xp 00000000 fd:00 916132                         /lib64/librt-2.12.so
3087607000-3087806000 ---p 00007000 fd:00 916132                         /lib64/librt-2.12.so
3087806000-3087807000 r--p 00006000 fd:00 916132                         /lib64/librt-2.12.so
3087807000-3087808000 rw-p 00007000 fd:00 916132                         /lib64/librt-2.12.so
3087a00000-3087a83000 r-xp 00000000 fd:00 916157                         /lib64/libm-2.12.so
3087a83000-3087c82000 ---p 00083000 fd:00 916157                         /lib64/libm-2.12.so
3087c82000-3087c83000 r--p 00082000 fd:00 916157                         /lib64/libm-2.12.so
3087c83000-3087c84000 rw-p 00083000 fd:00 916157                         /lib64/libm-2.12.so
7f80b2703000-7f80b2955000 rw-p 00000000 00:00 0 
7f80b2955000-7f80b2973000 rw-p 00000000 00:00 0 
7f80b2973000-7f80b2987000 rw-p 00000000 00:00 0 
7f80b2987000-7f80b2ab3000 rw-p 00000000 00:00 0 
7f80b2ab3000-7f80b2abe000 rw-p 00000000 00:00 0 
7f80b2abe000-7f80b2adc000 rw-p 00000000 00:00 0 
7f80b2adc000-7f80b2af0000 rw-p 00000000 00:00 0 
7f80b2af0000-7f80b2c1b000 rw-p 00000000 00:00 0 
7f80b2c1b000-7f80b2c26000 rw-p 00000000 00:00 0 
7f80b2c26000-7f80b2cbb000 rw-p 00000000 00:00 0 
7f80b2cbb000-7f80b2cc6000 rw-p 00000000 00:00 0 
7f80b2cc6000-7f80b2d7c000 rw-p 00000000 00:00 0 
7f80b2d7c000-7f80b2fec000 rwxp 00000000 00:00 0 
7f80b2fec000-7f80b5d7c000 rw-p 00000000 00:00 0 
7f80b5d7c000-7f80b5d96000 r-xp 00000000 fd:00 1847312                    /usr/java/jdk1.7.0_67-cloudera/jre/lib/amd64/libzip.so
7f80b5d96000-7f80b5f96000 ---p 0001a000 fd:00 1847312                    /usr/java/jdk1.7.0_67-cloudera/jre/lib/amd64/libzip.so
7f80b5f96000-7f80b5f97000 rw-p 0001a000 fd:00 1847312                    /usr/java/jdk1.7.0_67-cloudera/jre/lib/amd64/libzip.so
7f80b5f97000-7f80b5fa3000 r-xp 00000000 fd:00 915744                     /lib64/libnss_files-2.12.so
7f80b5fa3000-7f80b61a3000 ---p 0000c000 fd:00 915744                     /lib64/libnss_files-2.12.so
7f80b61a3000-7f80b61a4000 r--p 0000c000 fd:00 915744                     /lib64/libnss_files-2.12.so
7f80b61a4000-7f80b61a5000 rw-p 0000d000 fd:00 915744                     /lib64/libnss_files-2.12.so
7f80b61b3000-7f80b61dc000 r-xp 00000000 fd:00 1847282                    /usr/java/jdk1.7.0_67-cloudera/jre/lib/amd64/libjava.so
7f80b61dc000-7f80b63dc000 ---p 00029000 fd:00 1847282                    /usr/java/jdk1.7.0_67-cloudera/jre/lib/amd64/libjava.so
7f80b63dc000-7f80b63de000 rw-p 00029000 fd:00 1847282                    /usr/java/jdk1.7.0_67-cloudera/jre/lib/amd64/libjava.so
7f80b63de000-7f80b63eb000 r-xp 00000000 fd:00 1847311                    /usr/java/jdk1.7.0_67-cloudera/jre/lib/amd64/libverify.so
7f80b63eb000-7f80b65ea000 ---p 0000d000 fd:00 1847311                    /usr/java/jdk1.7.0_67-cloudera/jre/lib/amd64/libverify.so
7f80b65ea000-7f80b65ec000 rw-p 0000c000 fd:00 1847311                    /usr/java/jdk1.7.0_67-cloudera/jre/lib/amd64/libverify.so
7f80b65ec000-7f80b65ed000 ---p 00000000 00:00 0 
7f80b65ed000-7f80b66ed000 rw-p 00000000 00:00 0 
7f80b66ed000-7f80b725d000 r-xp 00000000 fd:00 1847316                    /usr/java/jdk1.7.0_67-cloudera/jre/lib/amd64/server/libjvm.so
7f80b725d000-7f80b745c000 ---p 00b70000 fd:00 1847316                    /usr/java/jdk1.7.0_67-cloudera/jre/lib/amd64/server/libjvm.so
7f80b745c000-7f80b7521000 rw-p 00b6f000 fd:00 1847316                    /usr/java/jdk1.7.0_67-cloudera/jre/lib/amd64/server/libjvm.so
7f80b7521000-7f80b7564000 rw-p 00000000 00:00 0 
7f80b7564000-7f80b757a000 r-xp 00000000 fd:00 1969408                    /usr/java/jdk1.7.0_67-cloudera/lib/amd64/jli/libjli.so
7f80b757a000-7f80b777a000 ---p 00016000 fd:00 1969408                    /usr/java/jdk1.7.0_67-cloudera/lib/amd64/jli/libjli.so
7f80b777a000-7f80b777b000 rw-p 00016000 fd:00 1969408                    /usr/java/jdk1.7.0_67-cloudera/lib/amd64/jli/libjli.so
7f80b777b000-7f80b777c000 rw-p 00000000 00:00 0 
7f80b777d000-7f80b7780000 rw-p 00000000 00:00 0 
7f80b7780000-7f80b7788000 rw-s 00000000 fd:00 787675                     /tmp/hsperfdata_cloudera/15677
7f80b7788000-7f80b7789000 rw-p 00000000 00:00 0 
7f80b7789000-7f80b778a000 r--p 00000000 00:00 0 
7f80b778a000-7f80b778b000 rw-p 00000000 00:00 0 
7ffc7d3ef000-7ffc7d3f2000 ---p 00000000 00:00 0 
7ffc7d3f3000-7ffc7d4ef000 rw-p 00000000 00:00 0                          [stack]
7ffc7d595000-7ffc7d596000 r-xp 00000000 00:00 0                          [vdso]
ffffffffff600000-ffffffffff601000 r-xp 00000000 00:00 0                  [vsyscall]

VM Arguments:
jvm_args: -Dfile.encoding=UTF-8 
java_command: nl.hu.bdsd.Client
Launcher Type: SUN_STANDARD

Environment Variables:
JAVA_HOME=/usr/java/jdk1.7.0_67-cloudera
PATH=/usr/local/firefox:/sbin:/usr/java/jdk1.7.0_67-cloudera/bin:/usr/local/apache-ant/apache-ant-1.9.2/bin:/usr/local/apache-maven/apache-maven-3.0.4/bin:/usr/local/bin:/usr/bin:/bin:/usr/local/sbin:/usr/sbin:/sbin:/home/cloudera/bin
USERNAME=cloudera
SHELL=/bin/bash
DISPLAY=:0.0

Signal Handlers:
SIGSEGV: [libjvm.so+0x99f4a0], sa_mask[0]=0x7ffbfeff, sa_flags=0x10000004
SIGBUS: [libjvm.so+0x99f4a0], sa_mask[0]=0x7ffbfeff, sa_flags=0x10000004
SIGFPE: [libjvm.so+0x81a860], sa_mask[0]=0x7ffbfeff, sa_flags=0x10000004
SIGPIPE: [libjvm.so+0x81a860], sa_mask[0]=0x7ffbfeff, sa_flags=0x10000004
SIGXFSZ: [libjvm.so+0x81a860], sa_mask[0]=0x7ffbfeff, sa_flags=0x10000004
SIGILL: [libjvm.so+0x81a860], sa_mask[0]=0x7ffbfeff, sa_flags=0x10000004
SIGUSR1: SIG_DFL, sa_mask[0]=0x00000000, sa_flags=0x00000000
SIGUSR2: [libjvm.so+0x81c060], sa_mask[0]=0x00000004, sa_flags=0x10000004
SIGHUP: SIG_DFL, sa_mask[0]=0x00000000, sa_flags=0x00000000
SIGINT: SIG_DFL, sa_mask[0]=0x00000000, sa_flags=0x00000000
SIGTERM: SIG_DFL, sa_mask[0]=0x00000000, sa_flags=0x00000000
SIGQUIT: SIG_DFL, sa_mask[0]=0x00000000, sa_flags=0x00000000


---------------  S Y S T E M  ---------------

OS:CentOS release 6.7 (Final)

uname:Linux 2.6.32-573.el6.x86_64 #1 SMP Thu Jul 23 15:44:03 UTC 2015 x86_64
libc:glibc 2.12 NPTL 2.12 
rlimit: STACK 10240k, CORE 0k, NPROC 1024, NOFILE 4096, AS infinity
load average:1.66 2.01 1.68

/proc/meminfo:
MemTotal:        3922528 kB
MemFree:          128016 kB
Buffers:            2868 kB
Cached:            62696 kB
SwapCached:       192980 kB
Active:          2688348 kB
Inactive:         878236 kB
Active(anon):    2679384 kB
Inactive(anon):   824944 kB
Active(file):       8964 kB
Inactive(file):    53292 kB
Unevictable:           0 kB
Mlocked:               0 kB
SwapTotal:       8388604 kB
SwapFree:        5621864 kB
Dirty:               872 kB
Writeback:             0 kB
AnonPages:       3373936 kB
Mapped:            26172 kB
Shmem:              3176 kB
Slab:              77904 kB
SReclaimable:      28932 kB
SUnreclaim:        48972 kB
KernelStack:       43248 kB
PageTables:        56700 kB
NFS_Unstable:          0 kB
Bounce:                0 kB
WritebackTmp:          0 kB
CommitLimit:    10349868 kB
Committed_AS:   19987612 kB
VmallocTotal:   34359738367 kB
VmallocUsed:       65964 kB
VmallocChunk:   34359664120 kB
HardwareCorrupted:     0 kB
AnonHugePages:   1089536 kB
HugePages_Total:       0
HugePages_Free:        0
HugePages_Rsvd:        0
HugePages_Surp:        0
Hugepagesize:       2048 kB
DirectMap4k:        8128 kB
DirectMap2M:     4186112 kB


CPU:total 2 (2 cores per cpu, 1 threads per core) family 6 model 42 stepping 7, cmov, cx8, fxsr, mmx, sse, sse2, sse3, ssse3, sse4.1, sse4.2, popcnt, avx, aes, tsc, tscinvbit

/proc/cpuinfo:
processor	: 0
vendor_id	: GenuineIntel
cpu family	: 6
model		: 42
model name	: Intel(R) Core(TM) i5-2500K CPU @ 3.30GHz
stepping	: 7
cpu MHz		: 3292.518
cache size	: 6144 KB
physical id	: 0
siblings	: 2
core id		: 0
cpu cores	: 2
apicid		: 0
initial apicid	: 0
fpu		: yes
fpu_exception	: yes
cpuid level	: 13
wp		: yes
flags		: fpu vme de pse tsc msr pae mce cx8 apic sep mtrr pge mca cmov pat pse36 clflush mmx fxsr sse sse2 ht syscall nx rdtscp lm constant_tsc rep_good xtopology nonstop_tsc unfair_spinlock pni pclmulqdq ssse3 cx16 sse4_1 sse4_2 popcnt aes xsave avx hypervisor lahf_lm
bogomips	: 6585.03
clflush size	: 64
cache_alignment	: 64
address sizes	: 36 bits physical, 48 bits virtual
power management:

processor	: 1
vendor_id	: GenuineIntel
cpu family	: 6
model		: 42
model name	: Intel(R) Core(TM) i5-2500K CPU @ 3.30GHz
stepping	: 7
cpu MHz		: 3292.518
cache size	: 6144 KB
physical id	: 0
siblings	: 2
core id		: 1
cpu cores	: 2
apicid		: 1
initial apicid	: 1
fpu		: yes
fpu_exception	: yes
cpuid level	: 13
wp		: yes
flags		: fpu vme de pse tsc msr pae mce cx8 apic sep mtrr pge mca cmov pat pse36 clflush mmx fxsr sse sse2 ht syscall nx rdtscp lm constant_tsc rep_good xtopology nonstop_tsc unfair_spinlock pni pclmulqdq ssse3 cx16 sse4_1 sse4_2 popcnt aes xsave avx hypervisor lahf_lm
bogomips	: 6585.03
clflush size	: 64
cache_alignment	: 64
address sizes	: 36 bits physical, 48 bits virtual
power management:



Memory: 4k page, physical 3922528k(127892k free), swap 8388604k(5621864k free)

vm_info: Java HotSpot(TM) 64-Bit Server VM (24.65-b04) for linux-amd64 JRE (1.7.0_67-b01), built on Jul 25 2014 09:20:21 by "java_re" with gcc 4.3.0 20080428 (Red Hat 4.3.0-8)

time: Thu Mar 21 13:53:08 2019
elapsed time: 0 seconds

